make all --print-data-base --no-builtin-variables --no-builtin-rules --question
# GNU Make 4.3
# Built for x86_64-pc-linux-gnu
# Copyright (C) 1988-2020 Free Software Foundation, Inc.
# License GPLv3+: GNU GPL version 3 or later <http://gnu.org/licenses/gpl.html>
# This is free software: you are free to change and redistribute it.
# There is NO WARRANTY, to the extent permitted by law.

# Make data base, printed on Mon Feb 14 00:06:02 2022

# Variables

# environment
GDK_BACKEND = x11
# environment
LC_ALL = C
# environment
GNOME_SHELL_SESSION_MODE = ubuntu
# environment
SSH_AGENT_LAUNCHER = gnome-keyring
# environment
TERMINATOR_DBUS_NAME = net.tenshu.Terminator25ef4b219e3b005583550f2b0f9f990c3
# environment
VSCODE_IPC_HOOK_EXTHOST = /run/user/1000/vscode-ipc-50552e55-e149-4786-b7d4-62a3d6fbe0b7.sock
# makefile (from 'makefile', line 11)
VPATH = ./src:./include
# environment
LC_NAME = zh_CN.UTF-8
# environment
LC_NUMERIC = zh_CN.UTF-8
# environment
VSCODE_CWD = /home/yan/do/cprimer/one
# environment
TERMINATOR_UUID = urn:uuid:01be5b02-2aea-4057-bac2-b807ae62e5a5
# environment
LC_ADDRESS = zh_CN.UTF-8
# default
MAKE_COMMAND := make
# environment
QT_ACCESSIBILITY = 1
# automatic
@D = $(patsubst %/,%,$(dir $@))
# environment
HISCONTROL = erasedups
# environment
VSCODE_HANDLES_UNCAUGHT_ERRORS = true
# default
.VARIABLES := 
# environment
PWD = /home/yan/do/cprimer/one
# automatic
%D = $(patsubst %/,%,$(dir $%))
# environment
PS1 = \u@|\A\w$(__git_ps1 "(%s)")\$
# environment
XDG_DATA_DIRS = /usr/share/ubuntu:/usr/local/share/:/usr/share/:/var/lib/snapd/desktop
# environment
OLDPWD = /home/yan
# automatic
^D = $(patsubst %/,%,$(dir $^))
# environment
VSCODE_LOG_STACK = false
# automatic
%F = $(notdir $%)
# environment
VSCODE_CODE_CACHE_PATH = /home/yan/.config/Code/CachedData/f80445acd5a3dadef24aa209168452a3d97cc326
# environment
LANG = C
# environment
XAUTHORITY = /run/user/1000/.mutter-Xwaylandauth.QFAKH1
# default
.LOADED := 
# default
.INCLUDE_DIRS = /usr/local/include /usr/include /usr/include
# makefile
MAKEFLAGS = pqrR
# environment
TERMINATOR_DBUS_PATH = /net/tenshu/Terminator2
# makefile
CURDIR := /home/yan/do/cprimer/one
# environment
VSCODE_PIPE_LOGGING = true
# environment
APPLICATION_INSIGHTS_NO_DIAGNOSTIC_CHANNEL = true
# makefile (from 'makefile', line 12)
SRCS = $(wildcard $(SRCD)/*.cpp $(SRCD)/*.c $(INCD)/*.cpp $(INCD)/*.c)
# automatic
*D = $(patsubst %/,%,$(dir $*))
# environment
MFLAGS = -pqrR
# environment
SSH_AUTH_SOCK = /run/user/1000/keyring/ssh
# default
.SHELLFLAGS := -c
# environment
WAYLAND_DISPLAY = wayland-0
# environment
HISTSIZE = 10000
# environment
XDG_CONFIG_DIRS = /etc/xdg/xdg-ubuntu:/etc/xdg
# automatic
+D = $(patsubst %/,%,$(dir $+))
# environment
VSCODE_CRASH_REPORTER_START_OPTIONS = {"companyName":"Microsoft","productName":"VSCode","submitURL":"appcenter://code?aid=fba07a4d-84bd-4fc8-a125-9640fc8ce171&uid=08a29f03-7f0e-4c23-b672-9e56f4be37c4&iid=08a29f03-7f0e-4c23-b672-9e56f4be37c4&sid=08a29f03-7f0e-4c23-b672-9e56f4be37c4","uploadToServer":true}
# environment
XDG_SESSION_DESKTOP = ubuntu
# makefile (from 'makefile', line 1)
MAKEFILE_LIST := makefile
# automatic
@F = $(notdir $@)
# environment
VSCODE_VERBOSE_LOGGING = true
# environment
VSCODE_PID = 14621
# environment
HISTIGNORE = pwd:ls:ls -ltr:cd:ll:la
# environment
XDG_SESSION_TYPE = wayland
# automatic
?D = $(patsubst %/,%,$(dir $?))
# environment
SESSION_MANAGER = local/hulk-lap:@/tmp/.ICE-unix/1442,unix/hulk-lap:/tmp/.ICE-unix/1442
# automatic
*F = $(notdir $*)
# environment
IBUS_DISABLE_SNOOPER = 1
# environment
CHROME_DESKTOP = code-url-handler.desktop
# environment
DBUS_SESSION_BUS_ADDRESS = unix:path=/run/user/1000/bus
# automatic
<D = $(patsubst %/,%,$(dir $<))
# environment
VSCODE_NLS_CONFIG = {"locale":"zh-cn","availableLanguages":{"*":"zh-cn"},"_languagePackId":"bcb43daf7fc7aee39837fa8516ffebcd.zh-cn","_translationsConfigFile":"/home/yan/.config/Code/clp/bcb43daf7fc7aee39837fa8516ffebcd.zh-cn/tcf.json","_cacheRoot":"/home/yan/.config/Code/clp/bcb43daf7fc7aee39837fa8516ffebcd.zh-cn","_resolvedLanguagePackCoreLocation":"/home/yan/.config/Code/clp/bcb43daf7fc7aee39837fa8516ffebcd.zh-cn/f80445acd5a3dadef24aa209168452a3d97cc326","_corruptedFile":"/home/yan/.config/Code/clp/bcb43daf7fc7aee39837fa8516ffebcd.zh-cn/corrupted.info","_languagePackSupport":true}
# environment
BREAKPAD_DUMP_LOCATION = /home/yan/.config/Code/exthost Crash Reports
# default
MAKE_HOST := x86_64-pc-linux-gnu
# makefile (from 'makefile', line 15)
OBJS := ./fun.o ./list.o ./main.o ./maze.o ./menu.o ./printmessage.o ./readme.o ./sizeof.o ./test.o
# environment
GNOME_DESKTOP_SESSION_ID = this-is-deprecated
# makefile
SHELL = /bin/sh
# default
MAKECMDGOALS := all
# environment
XMODIFIERS = @im=fcitx
# environment
SHLVL = 1
# environment
MAKELEVEL := 0
# default
MAKE = $(MAKE_COMMAND)
# environment
PATH = /home/yan/cmake.3.22/bin/:/home/yan/cmake.3.22/bin/:/usr/local/sbin:/usr/local/bin:/usr/sbin:/usr/bin:/sbin:/bin:/usr/games:/usr/local/games:/snap/bin:/snap/bin
# makefile (from 'makefile', line 4)
DEBUGS = -g -Wall -I$(INCD) -std=c++17
# default
MAKEFILES := 
# environment
LANGUAGE = zh_CN:en
# environment
LC_MONETARY = zh_CN.UTF-8
# automatic
^F = $(notdir $^)
# environment
LC_TIME = zh_CN.UTF-8
# environment
INVOCATION_ID = 48601acacd2747668b6f88d017946131
# environment
VSCODE_LOG_NATIVE = false
# environment
USERNAME = yan
# makefile (from 'makefile', line 14)
FILES = $(HEADS) $(SRCS)
# environment
GNOME_SETUP_DISPLAY = :1
# environment
LC_TELEPHONE = zh_CN.UTF-8
# automatic
?F = $(notdir $?)
# environment
DESKTOP_AUTOSTART_ID = 103c34fdca99c8dbf016447469335410500000014420016
# environment
GTK_IM_MODULE = fcitx
# environment
GIT_PS1_SHOWDIRTYSTATE = 1
# environment
XDG_CURRENT_DESKTOP = Unity
# automatic
+F = $(notdir $+)
# environment
DESKTOP_SESSION = ubuntu
# environment
ORIGINAL_XDG_CURRENT_DESKTOP = ubuntu:GNOME
# 'override' directive
GNUMAKEFLAGS := 
# environment
CLUTTER_IM_MODULE = fcitx
# environment
LOGNAME = yan
# makefile (from 'makefile', line 9)
SRCD = ./src .
# environment
GIO_LAUNCHED_DESKTOP_FILE = /home/yan/.config/autostart/terminator.desktop
# makefile
.DEFAULT_GOAL := all
# environment
SYSTEMD_EXEC_PID = 1442
# environment
DISPLAY = :0
# environment
USER = yan
# environment
GTK_MODULES = gail:atk-bridge
# default
MAKE_VERSION := 4.3
# makefile (from 'makefile', line 7)
TAGET = main
# environment
MANAGERPID = 1350
# environment
LC_MEASUREMENT = zh_CN.UTF-8
# environment
GIO_LAUNCHED_DESKTOP_FILE_PID = 1666
# environment
_ = /usr/bin/code
# environment
LC_PAPER = zh_CN.UTF-8
# environment
XDG_RUNTIME_DIR = /run/user/1000
# environment
COLORTERM = truecolor
# makefile (from 'makefile', line 8)
INCD = ./include
# environment
JOURNAL_STREAM = 8:49023
# environment
XDG_SESSION_CLASS = user
# environment
VSCODE_AMD_ENTRYPOINT = vs/workbench/services/extensions/node/extensionHostProcess
# makefile (from 'makefile', line 13)
HEADS = $(wildcard *.hpp *.h ./$(INCD)/*.hpp ./$(INCD)/*.h)
# environment
HOME = /home/yan
# environment
QT_IM_MODULE = fcitx
# environment
ELECTRON_RUN_AS_NODE = 1
# environment
VSCODE_IPC_HOOK = /run/user/1000/vscode-de7daa9c-1.64.2-main.sock
# environment
TERM = xterm-256color
# environment
IM_CONFIG_PHASE = 1
# environment
PAPERSIZE = a4
# default
.RECIPEPREFIX := 
# automatic
<F = $(notdir $<)
# default
SUFFIXES := 
# environment
VSCODE_CLI = 1
# environment
ELECTRON_NO_ATTACH_CONSOLE = 1
# environment
VTE_VERSION = 6402
# makefile (from 'makefile', line 5)
CXXFLAGS = -lstdc++ -w -O0 -I$(INCD) -std=c++17
# default
.FEATURES := target-specific order-only second-expansion else-if shortest-stem undefine oneshell nocomment grouped-target extra-prereqs archives jobserver output-sync check-symlink load
# makefile (from 'makefile', line 1)
CC = clang
# makefile (from 'makefile', line 10)
OUTD = ./out
 
# environment
XDG_MENU_PREFIX = gnome-
# environment
GDMSESSION = ubuntu
# environment
LC_IDENTIFICATION = zh_CN.UTF-8
# variable set hash-table stats:
# Load=136/1024=13%, Rehash=0, Collisions=14/234=6%

# Pattern-specific Variable Values

# No pattern-specific variable values.

# Directories

# ./include (device 2051, inode 1453140): 10 files, no impossibilities.
# ././include (device 2051, inode 1453140): 10 files, no impossibilities.
# . (device 2051, inode 1453116): 27 files, no impossibilities.
# ./src: could not be stat'd.

# 47 files, no impossibilities in 4 directories.

# Implicit Rules

# No implicit rules.

# Files

sizeof.o: sizeof.cpp
#  Implicit rule search has not been done.
#  Implicit/static pattern stem: 'sizeof'
#  Modification time never checked.
#  File has not been updated.
#  recipe to execute (from 'makefile', line 34):
	${CC} ${CXXFLAGS} -c $? -o $@
	

indent: temp.hpp include/fun.hpp include/h.hpp include/list.hpp include/menu.hpp include/printmessage.hpp include/readme.hpp include/sizeof.hpp include/test.hpp fun.cpp list.cpp main.cpp maze.cpp menu.cpp printmessage.cpp readme.cpp sizeof.cpp test.cpp
#  Implicit rule search has not been done.
#  Modification time never checked.
#  File has not been updated.
#  recipe to execute (from 'makefile', line 37):
	indent -bad -bap -bbb -bbo -nbc -bl -bli0 -bls -c33 -cd33 -ncdb -ncdw -nce -cli0 -cp33 -cs -d0 -nbfda -di2 -nfc1 -nfca -hnl -ip5 -l75 -lp -pcs -nprs -npsl -saf -sai -saw -nsc -nsob -nss -i4 -ts4 -ut $? 

readme.o: readme.cpp
#  Implicit rule search has not been done.
#  Implicit/static pattern stem: 'readme'
#  Modification time never checked.
#  File has not been updated.
#  recipe to execute (from 'makefile', line 34):
	${CC} ${CXXFLAGS} -c $? -o $@
	

google: temp.hpp include/fun.hpp include/h.hpp include/list.hpp include/menu.hpp include/printmessage.hpp include/readme.hpp include/sizeof.hpp include/test.hpp fun.cpp list.cpp main.cpp maze.cpp menu.cpp printmessage.cpp readme.cpp sizeof.cpp test.cpp
#  Implicit rule search has not been done.
#  Modification time never checked.
#  File has not been updated.
#  recipe to execute (from 'makefile', line 49):
	astyle --style=google  $(FILES)

# Not a target:
list.cpp:
#  Implicit rule search has been done.
#  Last modified 2022-02-13 20:13:47.066975788
#  File has been updated.
#  Successfully updated.

# makefile (from 'makefile', line 27)
debug: CXXFLAGS = $(DEBUGS)
debug: clean main
#  Phony target (prerequisite of .PHONY).
#  Implicit rule search has not been done.
#  File does not exist.
#  File has not been updated.
# variable set hash-table stats:
# Load=1/32=3%, Rehash=0, Collisions=0/2=0%

list.o: list.cpp
#  Implicit rule search has not been done.
#  Implicit/static pattern stem: 'list'
#  Last modified 2022-02-13 22:13:12.555192986
#  File has been updated.
#  Successfully updated.
#  recipe to execute (from 'makefile', line 34):
	${CC} ${CXXFLAGS} -c $? -o $@
	

# Not a target:
include/menu.hpp:
#  Implicit rule search has not been done.
#  Modification time never checked.
#  File has not been updated.

# Not a target:
include/sizeof.hpp:
#  Implicit rule search has not been done.
#  Modification time never checked.
#  File has not been updated.

gnu: temp.hpp include/fun.hpp include/h.hpp include/list.hpp include/menu.hpp include/printmessage.hpp include/readme.hpp include/sizeof.hpp include/test.hpp fun.cpp list.cpp main.cpp maze.cpp menu.cpp printmessage.cpp readme.cpp sizeof.cpp test.cpp
#  Implicit rule search has not been done.
#  Modification time never checked.
#  File has not been updated.
#  recipe to execute (from 'makefile', line 43):
	astyle --style=gnu $(FILES)
	

bsd: temp.hpp include/fun.hpp include/h.hpp include/list.hpp include/menu.hpp include/printmessage.hpp include/readme.hpp include/sizeof.hpp include/test.hpp fun.cpp list.cpp main.cpp maze.cpp menu.cpp printmessage.cpp readme.cpp sizeof.cpp test.cpp
#  Implicit rule search has not been done.
#  Modification time never checked.
#  File has not been updated.
#  recipe to execute (from 'makefile', line 46):
	astyle --style=bsd $(FILES)

clean:
#  Phony target (prerequisite of .PHONY).
#  Implicit rule search has not been done.
#  File does not exist.
#  File has not been updated.
#  recipe to execute (from 'makefile', line 55):
	#clean: Clean the useless file ......
	@rm *.s *.o *~  $(TAGET) -f
	@find . -name *~ -exec rm -f {} \;
	@find . -name *.o -exec rm -f {} \;
	@find . -name "*.orig" -exec rm -f {} \;
	@find . -name *.s -exec rm -f {} \;
	@find . -name $(TAGET) -exec rm -f {} \;

# Not a target:
printmessage.cpp:
#  Implicit rule search has not been done.
#  Modification time never checked.
#  File has not been updated.

# Not a target:
include/fun.hpp:
#  Implicit rule search has not been done.
#  Modification time never checked.
#  File has not been updated.

debugrun: debug
#  Phony target (prerequisite of .PHONY).
#  Implicit rule search has not been done.
#  File does not exist.
#  File has not been updated.
#  recipe to execute (from 'makefile', line 23):
	gdb ./$(TAGET)

# Not a target:
menu.cpp:
#  Implicit rule search has not been done.
#  Modification time never checked.
#  File has not been updated.

printmessage.o: printmessage.cpp
#  Implicit rule search has not been done.
#  Implicit/static pattern stem: 'printmessage'
#  Modification time never checked.
#  File has not been updated.
#  recipe to execute (from 'makefile', line 34):
	${CC} ${CXXFLAGS} -c $? -o $@
	

# Not a target:
include/readme.hpp:
#  Implicit rule search has not been done.
#  Modification time never checked.
#  File has not been updated.

# Not a target:
maze.cpp:
#  Implicit rule search has been done.
#  Last modified 2022-02-13 22:34:36.375252939
#  File has been updated.
#  Successfully updated.

# Not a target:
.DEFAULT:
#  Implicit rule search has not been done.
#  Modification time never checked.
#  File has not been updated.

asm: fun.cpp list.cpp main.cpp maze.cpp menu.cpp printmessage.cpp readme.cpp sizeof.cpp test.cpp
#  Phony target (prerequisite of .PHONY).
#  Implicit rule search has not been done.
#  File does not exist.
#  File has not been updated.
#  recipe to execute (from 'makefile', line 52):
	${CC} ${CXXFLAGS} -S $?

# Not a target:
readme.cpp:
#  Implicit rule search has not been done.
#  Modification time never checked.
#  File has not been updated.

all: main
#  Phony target (prerequisite of .PHONY).
#  Command line target.
#  Implicit rule search has not been done.
#  File does not exist.
#  File has been updated.
#  Needs to be updated (-q is set).
# variable set hash-table stats:
# Load=0/32=0%, Rehash=0, Collisions=0/6=0%
#  recipe to execute (from 'makefile', line 21):
	

# Not a target:
sizeof.cpp:
#  Implicit rule search has not been done.
#  Modification time never checked.
#  File has not been updated.

# Not a target:
main.cpp:
#  Implicit rule search has been done.
#  Last modified 2022-02-13 20:17:20.874145589
#  File has been updated.
#  Successfully updated.

main: fun.o list.o main.o maze.o menu.o printmessage.o readme.o sizeof.o test.o
#  Implicit rule search has not been done.
#  Last modified 2022-02-13 22:13:13.891171899
#  File has been updated.
#  Needs to be updated (-q is set).
# variable set hash-table stats:
# Load=0/32=0%, Rehash=0, Collisions=0/6=0%
#  recipe to execute (from 'makefile', line 31):
	${CC} ${CXXFLAGS} -o $@ $? 
	

# Not a target:
include/printmessage.hpp:
#  Implicit rule search has not been done.
#  Modification time never checked.
#  File has not been updated.

test:
#  Implicit rule search has not been done.
#  Modification time never checked.
#  File has not been updated.
#  recipe to execute (from 'makefile', line 64):
	make -B -n all
	make -B -n debug
	make -B -n indent
	make -B -n asm
	make -B -n clean

main.o: main.cpp
#  Implicit rule search has not been done.
#  Implicit/static pattern stem: 'main'
#  Last modified 2022-02-13 22:13:12.82318873
#  File has been updated.
#  Successfully updated.
#  recipe to execute (from 'makefile', line 34):
	${CC} ${CXXFLAGS} -c $? -o $@
	

maze.o: maze.cpp
#  Implicit rule search has not been done.
#  Implicit/static pattern stem: 'maze'
#  File does not exist.
#  File has been updated.
#  Needs to be updated (-q is set).
# automatic
# @ := maze.o
# automatic
# * := maze
# automatic
# < := maze.cpp
# automatic
# + := maze.cpp
# automatic
# % := 
 
# automatic
# ^ := maze.cpp
# automatic
# ? := maze.cpp
# automatic
# | := 
# variable set hash-table stats:
# Load=8/32=25%, Rehash=0, Collisions=3/16=19%
#  recipe to execute (from 'makefile', line 34):
	${CC} ${CXXFLAGS} -c $? -o $@
	

# Not a target:
include/list.hpp:
#  Implicit rule search has not been done.
#  Modification time never checked.
#  File has not been updated.

rebuild: clean main
#  Phony target (prerequisite of .PHONY).
#  Implicit rule search has not been done.
#  File does not exist.
#  File has not been updated.

test.o: test.cpp
#  Implicit rule search has not been done.
#  Implicit/static pattern stem: 'test'
#  Modification time never checked.
#  File has not been updated.
#  recipe to execute (from 'makefile', line 34):
	${CC} ${CXXFLAGS} -c $? -o $@
	

fun.o: fun.cpp
#  Implicit rule search has not been done.
#  Implicit/static pattern stem: 'fun'
#  Last modified 2022-02-13 22:13:12.515193621
#  File has been updated.
#  Successfully updated.
#  recipe to execute (from 'makefile', line 34):
	${CC} ${CXXFLAGS} -c $? -o $@
	

# Not a target:
makefile:
#  Implicit rule search has been done.
#  Last modified 2022-02-12 23:42:55.698937378
#  File has been updated.
#  Successfully updated.

# Not a target:
fun.cpp:
#  Implicit rule search has been done.
#  Last modified 2022-02-13 22:11:38.08142351
#  File has been updated.
#  Successfully updated.

# Not a target:
include/test.hpp:
#  Implicit rule search has not been done.
#  Modification time never checked.
#  File has not been updated.

# Not a target:
temp.hpp:
#  Implicit rule search has not been done.
#  Modification time never checked.
#  File has not been updated.

testvar: rebuild
#  Implicit rule search has not been done.
#  Modification time never checked.
#  File has not been updated.
#  recipe to execute (from 'makefile', line 71):
	@echo -n  DEBUGS: 
	@echo   $(DEBUGS)
	@echo -n  CXXFLAGS: 
	@echo   $(CXXFLAGS)
	@echo -n  TAGET: 
	@echo   $(TAGET)
	@echo -n  INCD: 
	@echo   $(INCD)
	@echo -n  SRCD: 
	@echo   $(SRCD)
	@echo -n  OUTD: 
	@echo   $(OUTD)
	@echo -n  VPATH: 
	@echo   $(VPATH)
	@echo -n  SRCS: 
	@echo   $(SRCS)
	@echo -n  HEADS: 
	@echo   $(HEADS)
	@echo -n  FILES: 
	@echo   $(FILES)
	@echo -n  OBJS: 
	@echo   $(OBJS)

# Not a target:
include/h.hpp:
#  Implicit rule search has not been done.
#  Modification time never checked.
#  File has not been updated.

.PHONY: all debugrun rebuild debug asm clean
#  Implicit rule search has not been done.
#  Modification time never checked.
#  File has not been updated.

menu.o: menu.cpp
#  Implicit rule search has not been done.
#  Implicit/static pattern stem: 'menu'
#  Modification time never checked.
#  File has not been updated.
#  recipe to execute (from 'makefile', line 34):
	${CC} ${CXXFLAGS} -c $? -o $@
	

# Not a target:
test.cpp:
#  Implicit rule search has not been done.
#  Modification time never checked.
#  File has not been updated.

linux: temp.hpp include/fun.hpp include/h.hpp include/list.hpp include/menu.hpp include/printmessage.hpp include/readme.hpp include/sizeof.hpp include/test.hpp fun.cpp list.cpp main.cpp maze.cpp menu.cpp printmessage.cpp readme.cpp sizeof.cpp test.cpp
#  Implicit rule search has not been done.
#  Modification time never checked.
#  File has not been updated.
#  recipe to execute (from 'makefile', line 40):
	astyle --style=linux $(FILES)

# files hash-table stats:
# Load=45/1024=4%, Rehash=0, Collisions=11/205=5%
# VPATH Search Paths

# No 'vpath' search paths.

# General ('VPATH' variable) search path:
# ./src:./include

# strcache buffers: 1 (0) / strings = 75 / storage = 676 B / avg = 9 B
# current buf: size = 8162 B / used = 676 B / count = 75 / avg = 9 B

# strcache performance: lookups = 242 / hit rate = 69%
# hash-table stats:
# Load=75/8192=1%, Rehash=0, Collisions=0/242=0%
# Finished Make data base on Mon Feb 14 00:06:02 2022

 
