make all --print-data-base --no-builtin-variables --no-builtin-rules --question
# GNU Make 4.3
# Built for x86_64-pc-linux-gnu
# Copyright (C) 1988-2020 Free Software Foundation, Inc.
# License GPLv3+: GNU GPL version 3 or later <http://gnu.org/licenses/gpl.html>
# This is free software: you are free to change and redistribute it.
# There is NO WARRANTY, to the extent permitted by law.

# Make data base, printed on Wed Sep 14 19:20:33 2022

# Variables

# environment
GDK_BACKEND = x11
# environment
LC_ALL = C
# environment
GNOME_SHELL_SESSION_MODE = ubuntu
# environment
SSH_AGENT_LAUNCHER = gnome-keyring
# environment
GJS_DEBUG_OUTPUT = stderr
# makefile (from 'makefile', line 11)
VPATH = ./src:./include
# environment
LC_NAME = zh_CN.UTF-8
# environment
LC_NUMERIC = zh_CN.UTF-8
# environment
VSCODE_CWD = /home/yan
# environment
LC_ADDRESS = zh_CN.UTF-8
# default
MAKE_COMMAND := make
# environment
QT_ACCESSIBILITY = 1
# automatic
@D = $(patsubst %/,%,$(dir $@))
# environment
HISCONTROL = erasedups
# environment
VSCODE_HANDLES_UNCAUGHT_ERRORS = true
# default
.VARIABLES := 
# environment
PWD = /home/yan/do/cprimer/refptr
# automatic
%D = $(patsubst %/,%,$(dir $%))
# environment
XDG_DATA_DIRS = /usr/share/ubuntu:/usr/local/share/:/usr/share/:/var/lib/snapd/desktop
# environment
OLDPWD = /home/yan
# automatic
^D = $(patsubst %/,%,$(dir $^))
# automatic
%F = $(notdir $%)
# environment
VSCODE_CODE_CACHE_PATH = /home/yan/.config/Code/CachedData/e7f30e38c5a4efafeec8ad52861eb772a9ee4dfb
# environment
LANG = C
# environment
XAUTHORITY = /run/user/1000/.mutter-Xwaylandauth.WGFLS1
# default
.LOADED := 
# default
.INCLUDE_DIRS = /usr/local/include /usr/include /usr/include
# makefile
MAKEFLAGS = pqrR
# makefile
CURDIR := /home/yan/do/cprimer/refptr
# environment
APPLICATION_INSIGHTS_NO_DIAGNOSTIC_CHANNEL = 1
# makefile (from 'makefile', line 12)
SRCS = $(wildcard $(SRCD)/*.cpp $(SRCD)/*.c $(INCD)/*.cpp $(INCD)/*.c)
# automatic
*D = $(patsubst %/,%,$(dir $*))
# environment
MFLAGS = -pqrR
# environment
SSH_AUTH_SOCK = /run/user/1000/keyring/ssh
# default
.SHELLFLAGS := -c
# environment
WAYLAND_DISPLAY = wayland-0
# environment
HISTSIZE = 2500
# environment
XDG_CONFIG_DIRS = /etc/xdg/xdg-ubuntu:/etc/xdg
# automatic
+D = $(patsubst %/,%,$(dir $+))
# environment
XDG_SESSION_DESKTOP = ubuntu
# makefile (from 'makefile', line 1)
MAKEFILE_LIST := makefile
# automatic
@F = $(notdir $@)
# environment
VSCODE_PID = 27588
# environment
HISTIGNORE = ls:ll:la:cd:pwd:cat
# environment
XDG_SESSION_TYPE = wayland
# automatic
?D = $(patsubst %/,%,$(dir $?))
# makefile (from 'makefile', line 16)
S := ./main.s ./menu.s ./mylib.s ./test.s
# environment
SESSION_MANAGER = local/hulk-lap:@/tmp/.ICE-unix/1467,unix/hulk-lap:/tmp/.ICE-unix/1467
# automatic
*F = $(notdir $*)
# environment
CHROME_DESKTOP = code-url-handler.desktop
# environment
DBUS_SESSION_BUS_ADDRESS = unix:path=/run/user/1000/bus
# automatic
<D = $(patsubst %/,%,$(dir $<))
# environment
VSCODE_NLS_CONFIG = {"locale":"zh-cn","availableLanguages":{"*":"zh-cn"},"_languagePackId":"1a7316c624e1dd66d26cf581ee0fb4ca.zh-cn","_translationsConfigFile":"/home/yan/.config/Code/clp/1a7316c624e1dd66d26cf581ee0fb4ca.zh-cn/tcf.json","_cacheRoot":"/home/yan/.config/Code/clp/1a7316c624e1dd66d26cf581ee0fb4ca.zh-cn","_resolvedLanguagePackCoreLocation":"/home/yan/.config/Code/clp/1a7316c624e1dd66d26cf581ee0fb4ca.zh-cn/e7f30e38c5a4efafeec8ad52861eb772a9ee4dfb","_corruptedFile":"/home/yan/.config/Code/clp/1a7316c624e1dd66d26cf581ee0fb4ca.zh-cn/corrupted.info","_languagePackSupport":true}
# default
MAKE_HOST := x86_64-pc-linux-gnu
# makefile (from 'makefile', line 15)
OBJS := ./main.o ./menu.o ./mylib.o ./test.o
# environment
GNOME_DESKTOP_SESSION_ID = this-is-deprecated
# makefile
SHELL = /bin/sh
# default
MAKECMDGOALS := all
# environment
XMODIFIERS = @im=fcitx
# environment
GJS_DEBUG_TOPICS = JS ERROR;JS LOG
# environment
SHLVL = 0
# environment
MAKELEVEL := 0
# environment
IM_CONFIG_CHECK_ENV = 1
# default
MAKE = $(MAKE_COMMAND)
# environment
PATH = /home/yan/cmake.3.22/bin/:/home/yan/cmake.3.22/bin/:/usr/local/sbin:/usr/local/bin:/usr/sbin:/usr/bin:/sbin:/bin:/usr/games:/usr/local/games:/snap/bin:/snap/bin
# makefile (from 'makefile', line 4)
DEBUGS = -lstdc++ -Wall -g -I$(INCD) -std=c++2a
# default
MAKEFILES := 
# environment
LANGUAGE = zh_CN:en
# environment
LC_MONETARY = zh_CN.UTF-8
# automatic
^F = $(notdir $^)
# environment
LC_TIME = zh_CN.UTF-8
# environment
INVOCATION_ID = df7689eb2e8c4411a616e07930f9db58
# environment
USERNAME = yan
# makefile (from 'makefile', line 14)
FILES = $(HEADS) $(SRCS)
# environment
GNOME_SETUP_DISPLAY = :1
# environment
LC_TELEPHONE = zh_CN.UTF-8
# automatic
?F = $(notdir $?)
# environment
GTK_IM_MODULE = fcitx
# environment
GIT_PS1_SHOWDIRTYSTATE = 1
# environment
XDG_CURRENT_DESKTOP = Unity
# automatic
+F = $(notdir $+)
# environment
DESKTOP_SESSION = ubuntu
# environment
ORIGINAL_XDG_CURRENT_DESKTOP = ubuntu:GNOME
# 'override' directive
GNUMAKEFLAGS := 
# environment
CLUTTER_IM_MODULE = fcitx
# environment
LOGNAME = yan
# makefile (from 'makefile', line 9)
SRCD = ./src .
# environment
GIO_LAUNCHED_DESKTOP_FILE = /usr/share/applications/code.desktop
# makefile
.DEFAULT_GOAL := all
# environment
SYSTEMD_EXEC_PID = 1485
# environment
DISPLAY = :0
# environment
USER = yan
# environment
GTK_MODULES = gail:atk-bridge
# default
MAKE_VERSION := 4.3
# makefile (from 'makefile', line 7)
TAGET = main
# environment
MANAGERPID = 1305
# environment
LC_MEASUREMENT = zh_CN.UTF-8
# environment
GIO_LAUNCHED_DESKTOP_FILE_PID = 27588
# environment
_ = /usr/share/code/code
# environment
LC_PAPER = zh_CN.UTF-8
# environment
XDG_RUNTIME_DIR = /run/user/1000
# makefile (from 'makefile', line 8)
INCD = ./include
# environment
JOURNAL_STREAM = 8:49899
# environment
XDG_SESSION_CLASS = user
# environment
VSCODE_AMD_ENTRYPOINT = vs/workbench/api/node/extensionHostProcess
# makefile (from 'makefile', line 13)
HEADS = $(wildcard *.hpp *.h ./$(INCD)/*.hpp ./$(INCD)/*.h)
# environment
HOME = /home/yan
# environment
QT_IM_MODULE = fcitx
# environment
ELECTRON_RUN_AS_NODE = 1
# environment
VSCODE_IPC_HOOK = /run/user/1000/vscode-de7daa9c-1.71.1-main.sock
# environment
IM_CONFIG_PHASE = 1
# environment
PAPERSIZE = a4
# default
.RECIPEPREFIX := 
# automatic
<F = $(notdir $<)
# default
SUFFIXES := 
# makefile (from 'makefile', line 5)
CXXFLAGS = -lstdc++ -w -O0 -DNDEBUG  -I$(INCD) -std=c++2a
# default
.FEATURES := target-specific order-only second-expansion else-if shortest-stem undefine oneshell nocomment grouped-target extra-prereqs archives jobserver output-sync check-symlink load
# makefile (from 'makefile', line 1)
CC = clang
# makefile (from 'makefile', line 10)
OUTD = ./out
# environment
XDG_MENU_PREFIX = gnome-
# environment
GDMSESSION = ubuntu
# environment
LC_IDENTIFICATION = zh_CN.UTF-8
# variable set hash-table stats:
# Load=122/1024=12%, Rehash=0, Collisions=12/225=5%

# Pattern-specific Variable Values

# No pattern-specific variable values.

# Directories

# ./include (device 2051, inode 135401): 7 files, no impossibilities.
# ././include (device 2051, inode 135401): 7 files, no impossibilities.
# . (device 2051, inode 134124): 25 files, no impossibilities.
# ./src: could not be stat'd.

# 39 files, no impossibilities in 4 directories.

# Implicit Rules

# No implicit rules.

# Files

indent: include/h.hpp include/menu.hpp include/mylib.hpp include/temptest.hpp include/test.hpp main.cpp menu.cpp mylib.cpp test.cpp
#  Phony target (prerequisite of .PHONY).
 
#  Implicit rule search has not been done.
#  File does not exist.
#  File has not been updated.
#  recipe to execute (from 'makefile', line 52):
	indent -bad -bap -bbb -bbo -nbc -bl -bli0 -bls -c33 -cd33 -ncdb -ncdw -nce -cli0 -cp33 -cs -d0 -nbfda -di2 -nfc1 -nfca -hnl -ip5 -l75 -lp -pcs -nprs -npsl -saf -sai -saw -nsc -nsob -nss -i4 -ts4 -ut $? 

# makefile (from 'makefile', line 27)
g: CC = g++
g: rebuild
#  Implicit rule search has not been done.
#  Modification time never checked.
#  File has not been updated.
# variable set hash-table stats:
# Load=1/32=3%, Rehash=0, Collisions=0/2=0%
#  recipe to execute (from 'makefile', line 29):
	./main 0 9 6

# Not a target:
mylib.cpp:
#  Implicit rule search has been done.
#  Last modified 2022-08-20 19:21:47.555100734
#  File has been updated.
#  Successfully updated.

google: include/h.hpp include/menu.hpp include/mylib.hpp include/temptest.hpp include/test.hpp main.cpp menu.cpp mylib.cpp test.cpp
#  Phony target (prerequisite of .PHONY).
#  Implicit rule search has not been done.
#  File does not exist.
#  File has not been updated.
#  recipe to execute (from 'makefile', line 64):
	astyle --style=google  $(FILES)

# makefile (from 'makefile', line 24)
gccdebug: CXXFLAGS = $(DEBUGS)
# makefile (from 'makefile', line 23)
gccdebug: CC = g++
gccdebug: rebuild
#  Phony target (prerequisite of .PHONY).
#  Implicit rule search has not been done.
#  File does not exist.
#  File has not been updated.
# variable set hash-table stats:
# Load=2/32=6%, Rehash=0, Collisions=0/3=0%

# makefile (from 'makefile', line 39)
debug: CXXFLAGS = $(DEBUGS)
debug: clean main
#  Phony target (prerequisite of .PHONY).
#  Implicit rule search has not been done.
#  File does not exist.
#  File has not been updated.
# variable set hash-table stats:
# Load=1/32=3%, Rehash=0, Collisions=0/2=0%

# Not a target:
include/menu.hpp:
#  Implicit rule search has not been done.
#  Modification time never checked.
#  File has not been updated.

gnu: include/h.hpp include/menu.hpp include/mylib.hpp include/temptest.hpp include/test.hpp main.cpp menu.cpp mylib.cpp test.cpp
#  Phony target (prerequisite of .PHONY).
#  Implicit rule search has not been done.
#  File does not exist.
#  File has not been updated.
#  recipe to execute (from 'makefile', line 58):
	astyle --style=gnu $(FILES)
	

main.s: main.cpp
#  Implicit rule search has not been done.
#  Implicit/static pattern stem: 'main'
#  Last modified 2022-08-20 19:21:58.04752986
#  File has been updated.
#  Successfully updated.
#  recipe to execute (from 'makefile', line 46):
	${CC} ${CXXFLAGS} -S $? -o $@
	

bsd: include/h.hpp include/menu.hpp include/mylib.hpp include/temptest.hpp include/test.hpp main.cpp menu.cpp mylib.cpp test.cpp
#  Phony target (prerequisite of .PHONY).
#  Implicit rule search has not been done.
#  File does not exist.
#  File has not been updated.
#  recipe to execute (from 'makefile', line 61):
	astyle --style=bsd $(FILES)

clean:
#  Phony target (prerequisite of .PHONY).
#  Implicit rule search has not been done.
#  File does not exist.
#  File has not been updated.
#  recipe to execute (from 'makefile', line 70):
	#clean: Clean the useless file ......
	@rm *.s *.o *~  $(TAGET) -f
	@find . -name *~ -exec rm -f {} \;
	@find . -name *.o -exec rm -f {} \;
	@find . -name "*.orig" -exec rm -f {} \;
	@find . -name *.s -exec rm -f {} \;
	@find . -name $(TAGET) -exec rm -f {} \;

debugrun: debug
#  Phony target (prerequisite of .PHONY).
#  Implicit rule search has not been done.
#  File does not exist.
#  File has not been updated.
#  recipe to execute (from 'makefile', line 35):
	gdb ./$(TAGET)

# Not a target:
menu.cpp:
#  Implicit rule search has been done.
#  Last modified 2022-08-20 19:21:47.551100568
#  File has been updated.
#  Successfully updated.

mylib.o: mylib.cpp
#  Implicit rule search has not been done.
#  Implicit/static pattern stem: 'mylib'
#  Last modified 2022-08-20 19:21:56.239456593
#  File has been updated.
#  Successfully updated.
#  recipe to execute (from 'makefile', line 49):
	${CC} ${CXXFLAGS} -c $? -o $@
	

# Not a target:
.DEFAULT:
#  Implicit rule search has not been done.
#  Modification time never checked.
#  File has not been updated.

asm: main.cpp menu.cpp mylib.cpp test.cpp
#  Phony target (prerequisite of .PHONY).
#  Implicit rule search has not been done.
#  File does not exist.
#  File has not been updated.
#  recipe to execute (from 'makefile', line 67):
	${CC} ${CXXFLAGS} -S $?

all: main
#  Phony target (prerequisite of .PHONY).
#  Command line target.
#  Implicit rule search has not been done.
#  File does not exist.
#  File has been updated.
#  Successfully updated.

# Not a target:
include/mylib.hpp:
#  Implicit rule search has not been done.
#  Modification time never checked.
#  File has not been updated.

# Not a target:
main.cpp:
#  Implicit rule search has been done.
#  Last modified 2022-08-20 19:21:47.551100568
#  File has been updated.
#  Successfully updated.

test.s: test.cpp
#  Implicit rule search has not been done.
#  Implicit/static pattern stem: 'test'
#  Last modified 2022-08-20 19:21:59.735597998
#  File has been updated.
#  Successfully updated.
#  recipe to execute (from 'makefile', line 46):
	${CC} ${CXXFLAGS} -S $? -o $@
	

main: main.o menu.o mylib.o test.o main.s menu.s mylib.s test.s
#  Implicit rule search has not been done.
#  Last modified 2022-08-20 19:21:59.903604772
#  File has been updated.
#  Successfully updated.
#  recipe to execute (from 'makefile', line 43):
	${CC} ${CXXFLAGS} -o $@ $(OBJS) 
	

test:
#  Phony target (prerequisite of .PHONY).
#  Implicit rule search has not been done.
#  File does not exist.
#  File has not been updated.
#  recipe to execute (from 'makefile', line 79):
	make -B -n all
	make -B -n debug
	make -B -n indent
	make -B -n asm
	make -B -n clean

main.o: main.cpp
#  Implicit rule search has not been done.
#  Implicit/static pattern stem: 'main'
#  Last modified 2022-08-20 19:21:55.219415136
#  File has been updated.
#  Successfully updated.
#  recipe to execute (from 'makefile', line 49):
	${CC} ${CXXFLAGS} -c $? -o $@
	

# Not a target:
include/temptest.hpp:
#  Implicit rule search has not been done.
#  Modification time never checked.
#  File has not been updated.

menu.s: menu.cpp
#  Implicit rule search has not been done.
#  Implicit/static pattern stem: 'menu'
#  Last modified 2022-08-20 19:21:58.431545375
#  File has been updated.
#  Successfully updated.
#  recipe to execute (from 'makefile', line 46):
	${CC} ${CXXFLAGS} -S $? -o $@
	

rebuild: clean main
#  Phony target (prerequisite of .PHONY).
#  Implicit rule search has not been done.
#  File does not exist.
#  File has not been updated.

test.o: test.cpp
#  Implicit rule search has not been done.
#  Implicit/static pattern stem: 'test'
#  Last modified 2022-08-20 19:21:57.691515449
#  File has been updated.
#  Successfully updated.
#  recipe to execute (from 'makefile', line 49):
	${CC} ${CXXFLAGS} -c $? -o $@
	

# Not a target:
makefile:
#  Implicit rule search has been done.
#  Last modified 2022-08-20 19:16:10.790870341
#  File has been updated.
#  Successfully updated.

mylib.s: mylib.cpp
#  Implicit rule search has not been done.
#  Implicit/static pattern stem: 'mylib'
#  Last modified 2022-08-20 19:21:58.79155992
#  File has been updated.
#  Successfully updated.
#  recipe to execute (from 'makefile', line 46):
	${CC} ${CXXFLAGS} -S $? -o $@
	

# Not a target:
include/test.hpp:
#  Implicit rule search has not been done.
#  Modification time never checked.
#  File has not been updated.

t: main
#  Phony target (prerequisite of .PHONY).
#  Implicit rule search has not been done.
#  File does not exist.
#  File has not been updated.
#  recipe to execute (from 'makefile', line 32):
	./main 0 9 6

testvar: rebuild
#  Phony target (prerequisite of .PHONY).
#  Implicit rule search has not been done.
#  File does not exist.
#  File has not been updated.
#  recipe to execute (from 'makefile', line 86):
	@echo -n  DEBUGS: 
	@echo   $(DEBUGS)
	@echo -n  CXXFLAGS: 
	@echo   $(CXXFLAGS)
	@echo -n  TAGET: 
	@echo   $(TAGET)
 
	@echo -n  INCD: 
	@echo   $(INCD)
	@echo -n  SRCD: 
	@echo   $(SRCD)
	@echo -n  OUTD: 
	@echo   $(OUTD)
	@echo -n  VPATH: 
	@echo   $(VPATH)
	@echo -n  SRCS: 
	@echo   $(SRCS)
	@echo -n  HEADS: 
	@echo   $(HEADS)
	@echo -n  FILES: 
	@echo   $(FILES)
	@echo -n  OBJS: 
	@echo   $(OBJS)

# Not a target:
include/h.hpp:
#  Implicit rule search has not been done.
#  Modification time never checked.
#  File has not been updated.

.PHONY: all gccdebug t debugrun rebuild debug indent linux gnu bsd google asm test testvar clean
#  Implicit rule search has not been done.
#  Modification time never checked.
#  File has not been updated.

menu.o: menu.cpp
#  Implicit rule search has not been done.
#  Implicit/static pattern stem: 'menu'
#  Last modified 2022-08-20 19:21:55.819439533
#  File has been updated.
#  Successfully updated.
#  recipe to execute (from 'makefile', line 49):
	${CC} ${CXXFLAGS} -c $? -o $@
	

# Not a target:
test.cpp:
#  Implicit rule search has been done.
#  Last modified 2022-08-20 19:21:47.559100899
#  File has been updated.
#  Successfully updated.

linux: include/h.hpp include/menu.hpp include/mylib.hpp include/temptest.hpp include/test.hpp main.cpp menu.cpp mylib.cpp test.cpp
#  Phony target (prerequisite of .PHONY).
#  Implicit rule search has not been done.
#  File does not exist.
#  File has not been updated.
#  recipe to execute (from 'makefile', line 55):
	astyle --style=linux $(FILES)

# files hash-table stats:
# Load=38/1024=4%, Rehash=0, Collisions=12/167=7%
# VPATH Search Paths

# No 'vpath' search paths.

# General ('VPATH' variable) search path:
# ./src:./include

# strcache buffers: 1 (0) / strings = 65 / storage = 507 B / avg = 7 B
# current buf: size = 8162 B / used = 507 B / count = 65 / avg = 7 B

# strcache performance: lookups = 206 / hit rate = 68%
# hash-table stats:
# Load=65/8192=1%, Rehash=0, Collisions=0/206=0%
# Finished Make data base on Wed Sep 14 19:20:33 2022

 
